<?xml version="1.0" encoding="UTF-8"?>
<!-- Generated by org.testng.reporters.JUnitXMLReporter -->
<testsuite hostname="robert-PC" ignored="0" tests="3" failures="3" timestamp="2019-11-16T20:46:08 CET" time="0.864" errors="0">
  <testcase name="Home_page on Home_page(SelenideTests)" time="0.58" classname="SelenideTests">
    <failure type="groovy.lang.MissingMethodException" message="No signature of method: SelenideTests.$() is applicable for argument types: (java.lang.String) values: [https://demoqa.com/]
Possible solutions: is(java.lang.Object), Spy(), any(), Spy(groovy.lang.Closure), Spy(java.lang.Class), Spy(java.lang.Object)">
      <![CDATA[groovy.lang.MissingMethodException: No signature of method: SelenideTests.$() is applicable for argument types: (java.lang.String) values: [https://demoqa.com/]
Possible solutions: is(java.lang.Object), Spy(), any(), Spy(groovy.lang.Closure), Spy(java.lang.Class), Spy(java.lang.Object)
at SelenideTests.Home_page(SelenideTests.groovy:32)
]]>
    </failure>
  </testcase> <!-- Home_page on Home_page(SelenideTests) -->
  <testcase name="Go_home on Go_home(SelenideTests)" time="0.597" classname="SelenideTests">
    <failure type="groovy.lang.MissingMethodException" message="No signature of method: SelenideTests.open() is applicable for argument types: (java.lang.String) values: []
Possible solutions: Spy(), grep(), Spy(groovy.lang.Closure), Spy(java.lang.Class), Spy(java.lang.Object), Spy(java.util.Map)">
      <![CDATA[groovy.lang.MissingMethodException: No signature of method: SelenideTests.open() is applicable for argument types: (java.lang.String) values: []
Possible solutions: Spy(), grep(), Spy(groovy.lang.Closure), Spy(java.lang.Class), Spy(java.lang.Object), Spy(java.util.Map)
at SelenideTests.Go_home(SelenideTests.groovy:42)
]]>
    </failure>
  </testcase> <!-- Go_home on Go_home(SelenideTests) -->
  <testcase name="Check Home page labels and links on Check Home page labels and links(SelenideTests)" time="0.601" classname="SelenideTests">
    <failure type="groovy.lang.MissingMethodException" message="No signature of method: SelenideTests.open() is applicable for argument types: (java.lang.String) values: [https://demoqa.com/]
Possible solutions: Spy(), grep(), Spy(groovy.lang.Closure), Spy(java.lang.Class), Spy(java.lang.Object), Spy(java.util.Map)">
      <![CDATA[groovy.lang.MissingMethodException: No signature of method: SelenideTests.open() is applicable for argument types: (java.lang.String) values: [https://demoqa.com/]
Possible solutions: Spy(), grep(), Spy(groovy.lang.Closure), Spy(java.lang.Class), Spy(java.lang.Object), Spy(java.util.Map)
at SelenideTests.Check Home page labels and links(SelenideTests.groovy:55)
]]>
    </failure>
  </testcase> <!-- Check Home page labels and links on Check Home page labels and links(SelenideTests) -->
</testsuite>
