<?xml version="1.0" encoding="UTF-8"?>
<!-- Generated by org.testng.reporters.JUnitReportReporter -->
<testsuite skipped="0" hostname="robert-PC" name="SelenideTests" tests="3" failures="0" timestamp="2019-11-16T20:46:08 CET" time="1.778" errors="3">
  <testcase name="Home_page" time="0.580" classname="SelenideTests">
    <error type="groovy.lang.MissingMethodException" message="No signature of method: SelenideTests.$() is applicable for argument types: (java.lang.String) values: [https://demoqa.com/]
Possible solutions: is(java.lang.Object), Spy(), any(), Spy(groovy.lang.Closure), Spy(java.lang.Class), Spy(java.lang.Object)">
      <![CDATA[groovy.lang.MissingMethodException: No signature of method: SelenideTests.$() is applicable for argument types: (java.lang.String) values: [https://demoqa.com/]
Possible solutions: is(java.lang.Object), Spy(), any(), Spy(groovy.lang.Closure), Spy(java.lang.Class), Spy(java.lang.Object)
at SelenideTests.Home_page(SelenideTests.groovy:32)
]]>
    </error>
  </testcase> <!-- Home_page -->
  <testcase name="Check Home page labels and links" time="0.601" classname="SelenideTests">
    <error type="groovy.lang.MissingMethodException" message="No signature of method: SelenideTests.open() is applicable for argument types: (java.lang.String) values: [https://demoqa.com/]
Possible solutions: Spy(), grep(), Spy(groovy.lang.Closure), Spy(java.lang.Class), Spy(java.lang.Object), Spy(java.util.Map)">
      <![CDATA[groovy.lang.MissingMethodException: No signature of method: SelenideTests.open() is applicable for argument types: (java.lang.String) values: [https://demoqa.com/]
Possible solutions: Spy(), grep(), Spy(groovy.lang.Closure), Spy(java.lang.Class), Spy(java.lang.Object), Spy(java.util.Map)
at SelenideTests.Check Home page labels and links(SelenideTests.groovy:55)
]]>
    </error>
  </testcase> <!-- Check Home page labels and links -->
  <testcase name="Go_home" time="0.597" classname="SelenideTests">
    <error type="groovy.lang.MissingMethodException" message="No signature of method: SelenideTests.open() is applicable for argument types: (java.lang.String) values: []
Possible solutions: Spy(), grep(), Spy(groovy.lang.Closure), Spy(java.lang.Class), Spy(java.lang.Object), Spy(java.util.Map)">
      <![CDATA[groovy.lang.MissingMethodException: No signature of method: SelenideTests.open() is applicable for argument types: (java.lang.String) values: []
Possible solutions: Spy(), grep(), Spy(groovy.lang.Closure), Spy(java.lang.Class), Spy(java.lang.Object), Spy(java.util.Map)
at SelenideTests.Go_home(SelenideTests.groovy:42)
]]>
    </error>
  </testcase> <!-- Go_home -->
</testsuite> <!-- SelenideTests -->
